[debug] [2021-06-01T12:43:12.590Z] ----------------------------------------------------------------------
[debug] [2021-06-01T12:43:12.592Z] Command:       E:\Software\NodeJS\node.exe C:\Users\91957\AppData\Local\Yarn\Data\global\node_modules\firebase-tools\lib\bin\firebase.js init
[debug] [2021-06-01T12:43:12.592Z] CLI Version:   9.12.0
[debug] [2021-06-01T12:43:12.592Z] Platform:      win32
[debug] [2021-06-01T12:43:12.592Z] Node Version:  v14.4.0
[debug] [2021-06-01T12:43:12.593Z] Time:          Tue Jun 01 2021 18:13:12 GMT+0530 (India Standard Time)
[debug] [2021-06-01T12:43:12.594Z] ----------------------------------------------------------------------
[debug] 
[debug] [2021-06-01T12:43:12.600Z] > command requires scopes: ["email","openid","https://www.googleapis.com/auth/cloudplatformprojects.readonly","https://www.googleapis.com/auth/firebase","https://www.googleapis.com/auth/cloud-platform"]
[debug] [2021-06-01T12:43:12.600Z] > authorizing via signed-in user (sodaniarpit1522001@gmail.com)
[info] 
     ######## #### ########  ######## ########     ###     ######  ########
     ##        ##  ##     ## ##       ##     ##  ##   ##  ##       ##
     ######    ##  ########  ######   ########  #########  ######  ######
     ##        ##  ##    ##  ##       ##     ## ##     ##       ## ##
     ##       #### ##     ## ######## ########  ##     ##  ######  ########

You're about to initialize a Firebase project in this directory:

  E:\works\Facebook\fb-clone

[info] 
=== Project Setup
[info] 
[info] First, let's associate this project directory with a Firebase project.
[info] You can create multiple project aliases by running firebase use --add, 
[info] but for now we'll just set up a default project.
[info] 
[debug] [2021-06-01T12:43:42.145Z] >>> [apiv2][query] GET https://firebase.googleapis.com/v1beta1/projects pageSize=100
[debug] [2021-06-01T12:43:42.752Z] <<< [apiv2][status] GET https://firebase.googleapis.com/v1beta1/projects 200
[debug] [2021-06-01T12:43:42.752Z] <<< [apiv2][body] GET https://firebase.googleapis.com/v1beta1/projects [omitted]
[info] i  Using project facebook-clone-4ee5e (facebook-clone) 
[info] 
=== Hosting Setup
[info] 
[info] Your public directory is the folder (relative to your project directory) that
[info] will contain Hosting assets to be uploaded with firebase deploy. If you
[info] have a build process for your assets, use your build's output directory.
[info] 
[debug] [2021-06-01T12:44:21.906Z] >>> [apiv2][query] GET https://www.gstatic.com/firebasejs/releases.json [none]
[debug] [2021-06-01T12:44:22.055Z] <<< [apiv2][status] GET https://www.gstatic.com/firebasejs/releases.json 200
[debug] [2021-06-01T12:44:22.055Z] <<< [apiv2][body] GET https://www.gstatic.com/firebasejs/releases.json {"current":{"version":"8.6.3","browserURL":"https://www.gstatic.com/firebasejs/8.6.3/firebase.js","packageURL":"https://www.gstatic.com/firebasejs/8.6.3/firebase.tgz"},"live":{"version":"8.6","browserURL":"https://www.gstatic.com/firebasejs/live/8.6/firebase.js","packageURL":"https://www.gstatic.com/firebasejs/live/8.6/firebase.tgz"},"components":{"analytics":"https://www.gstatic.com/firebasejs/8.6.3/firebase-analytics.js","app":"https://www.gstatic.com/firebasejs/8.6.3/firebase-app.js","app-check":"https://www.gstatic.com/firebasejs/8.6.3/firebase-app-check.js","auth":"https://www.gstatic.com/firebasejs/8.6.3/firebase-auth.js","database":"https://www.gstatic.com/firebasejs/8.6.3/firebase-database.js","firestore":"https://www.gstatic.com/firebasejs/8.6.3/firebase-firestore.js","functions":"https://www.gstatic.com/firebasejs/8.6.3/firebase-functions.js","installations":"https://www.gstatic.com/firebasejs/8.6.3/firebase-installations.js","messaging":"https://www.gstatic.com/firebasejs/8.6.3/firebase-messaging.js","storage":"https://www.gstatic.com/firebasejs/8.6.3/firebase-storage.js","performance":"https://www.gstatic.com/firebasejs/8.6.3/firebase-performance.js","remote-config":"https://www.gstatic.com/firebasejs/8.6.3/firebase-remote-config.js","firestore.memory":"https://www.gstatic.com/firebasejs/8.6.3/firebase-firestore.memory.js"}}
[info] +  Wrote build/index.html 
[info] 
[info] i  Detected a .git folder at E:\works\Facebook 
[info] i  Authorizing with GitHub to upload your service account to a GitHub repository's secrets store. 
[info] 
[info] Visit this URL on this device to log in:
[info] https://github.com/login/oauth/authorize?client_id=89cf50f02ac6aaed3484&state=600944336&redirect_uri=http%3A%2F%2Flocalhost%3A9005&scope=read%3Auser%20repo%20public_repo
[info] 
[info] Waiting for authentication...
[debug] [2021-06-01T12:44:44.791Z] >>> HTTP REQUEST POST https://github.com/login/oauth/access_token  
 {"client_id":"89cf50f02ac6aaed3484","client_secret":"3330d14abc895d9a74d5f17cd7a00711fa2c5bf0","code":"a5729a6660caa54d0f63","redirect_uri":"http://localhost:9005","state":"600944336"}
[debug] [2021-06-01T12:44:45.330Z] <<< HTTP RESPONSE 200 {"server":"GitHub.com","date":"Tue, 01 Jun 2021 12:44:46 GMT","content-type":"application/json; charset=utf-8","transfer-encoding":"chunked","vary":"X-PJAX, Accept-Encoding, Accept, X-Requested-With","permissions-policy":"interest-cohort=()","etag":"W/\"8e285bbe1b1f0075c5eb49ce0c0a8086\"","cache-control":"max-age=0, private, must-revalidate","strict-transport-security":"max-age=31536000; includeSubdomains; preload","x-frame-options":"deny","x-content-type-options":"nosniff","x-xss-protection":"0","referrer-policy":"origin-when-cross-origin, strict-origin-when-cross-origin","expect-ct":"max-age=2592000, report-uri=\"https://api.github.com/_private/browser/errors\"","content-security-policy":"default-src 'none'; base-uri 'self'; block-all-mixed-content; connect-src 'self' uploads.github.com www.githubstatus.com collector.githubapp.com api.github.com github-cloud.s3.amazonaws.com github-production-repository-file-5c1aeb.s3.amazonaws.com github-production-upload-manifest-file-7fdce7.s3.amazonaws.com github-production-user-asset-6210df.s3.amazonaws.com html-translator.herokuapp.com cdn.optimizely.com logx.optimizely.com/v1/events wss://alive.github.com; font-src github.githubassets.com; form-action 'self' github.com gist.github.com; frame-ancestors 'none'; frame-src render.githubusercontent.com; img-src 'self' data: github.githubassets.com identicons.github.com collector.githubapp.com github-cloud.s3.amazonaws.com secured-user-images.githubusercontent.com/ *.githubusercontent.com; manifest-src 'self'; media-src 'none'; script-src github.githubassets.com; style-src 'unsafe-inline' github.githubassets.com; worker-src github.com/socket-worker-3f088aa2.js gist.github.com/socket-worker-3f088aa2.js","x-github-request-id":"CB8B:0C10:ABA3B3:B9D3F8:60B62BBE"}
[debug] [2021-06-01T12:44:45.337Z] >>> [apiv2][query] GET https://api.github.com/user [none]
[debug] [2021-06-01T12:44:45.767Z] <<< [apiv2][status] GET https://api.github.com/user 200
[debug] [2021-06-01T12:44:45.771Z] <<< [apiv2][body] GET https://api.github.com/user {"login":"arpitsodani15","id":66162673,"node_id":"MDQ6VXNlcjY2MTYyNjcz","avatar_url":"https://avatars.githubusercontent.com/u/66162673?v=4","gravatar_id":"","url":"https://api.github.com/users/arpitsodani15","html_url":"https://github.com/arpitsodani15","followers_url":"https://api.github.com/users/arpitsodani15/followers","following_url":"https://api.github.com/users/arpitsodani15/following{/other_user}","gists_url":"https://api.github.com/users/arpitsodani15/gists{/gist_id}","starred_url":"https://api.github.com/users/arpitsodani15/starred{/owner}{/repo}","subscriptions_url":"https://api.github.com/users/arpitsodani15/subscriptions","organizations_url":"https://api.github.com/users/arpitsodani15/orgs","repos_url":"https://api.github.com/users/arpitsodani15/repos","events_url":"https://api.github.com/users/arpitsodani15/events{/privacy}","received_events_url":"https://api.github.com/users/arpitsodani15/received_events","type":"User","site_admin":false,"name":"Arpit Sodani","company":null,"blog":"","location":null,"email":null,"hireable":null,"bio":null,"twitter_username":null,"public_repos":5,"public_gists":0,"followers":2,"following":3,"created_at":"2020-05-30T09:24:28Z","updated_at":"2021-06-01T12:44:45Z","private_gists":0,"total_private_repos":2,"owned_private_repos":2,"disk_usage":15131,"collaborators":3,"two_factor_authentication":true,"plan":{"name":"free","space":976562499,"collaborators":0,"private_repos":10000}}
[info] 
[info] +  Success! Logged into GitHub as arpitsodani15 
[info] 
